# JRE version: Java(TM) SE Runtime Environment (17.0.9+11) (build 17.0.9+11-LTS-201)
# Java VM: Java HotSpot(TM) 64-Bit Server VM (17.0.9+11-LTS-201, mixed mode, emulated-client, sharing, tiered, compressed oops, compressed class ptrs, g1 gc, windows-amd64)
GC Precious Log:
 CPUs: 4 total, 4 available
 Memory: 4005M
 Large Page Support: Disabled
 NUMA Support: Disabled
 Compressed Oops: Enabled (32-bit)
 Heap Region Size: 1M
 Heap Min Capacity: 8M
 Heap Initial Capacity: 64M
 Heap Max Capacity: 1002M
 Pre-touch: Disabled
 Parallel Workers: 4
 Concurrent Workers: 1
 Concurrent Refinement Workers: 4
 Periodic GC: Disabled
Heap:
 garbage-first heap   total 55296K, used 25655K [0x00000000c1600000, 0x0000000100000000)
  region size 1024K, 2 young (2048K), 2 survivors (2048K)
 Metaspace       used 57583K, committed 58112K, reserved 1114112K
  class space    used 8298K, committed 8576K, reserved 1048576K
GC Heap History (20 events):
Event: 3.321 GC heap after
{Heap after GC invocations=4 (full 0):
 garbage-first heap   total 65536K, used 11647K [0x00000000c1600000, 0x0000000100000000)
  region size 1024K, 5 young (5120K), 5 survivors (5120K)
 Metaspace       used 16109K, committed 16448K, reserved 1114112K
  class space    used 2347K, committed 2496K, reserved 1048576K
}
Event: 4.248 GC heap before
{Heap before GC invocations=4 (full 0):
 garbage-first heap   total 65536K, used 40319K [0x00000000c1600000, 0x0000000100000000)
  region size 1024K, 35 young (35840K), 5 survivors (5120K)
 Metaspace       used 21182K, committed 21504K, reserved 1114112K
  class space    used 2988K, committed 3136K, reserved 1048576K
}
Event: 4.261 GC heap after
{Heap after GC invocations=5 (full 0):
 garbage-first heap   total 65536K, used 14617K [0x00000000c1600000, 0x0000000100000000)
  region size 1024K, 5 young (5120K), 5 survivors (5120K)
 Metaspace       used 21182K, committed 21504K, reserved 1114112K
  class space    used 2988K, committed 3136K, reserved 1048576K
}
Event: 5.288 GC heap before
{Heap before GC invocations=6 (full 0):
 garbage-first heap   total 55296K, used 42265K [0x00000000c1600000, 0x0000000100000000)
  region size 1024K, 32 young (32768K), 5 survivors (5120K)
 Metaspace       used 23760K, committed 24128K, reserved 1114112K
  class space    used 3393K, committed 3584K, reserved 1048576K
}
Event: 5.299 GC heap after
{Heap after GC invocations=7 (full 0):
 garbage-first heap   total 55296K, used 16579K [0x00000000c1600000, 0x0000000100000000)
  region size 1024K, 3 young (3072K), 3 survivors (3072K)
 Metaspace       used 23760K, committed 24128K, reserved 1114112K
  class space    used 3393K, committed 3584K, reserved 1048576K
}
Event: 5.334 GC heap before
{Heap before GC invocations=7 (full 0):
 garbage-first heap   total 55296K, used 16579K [0x00000000c1600000, 0x0000000100000000)
  region size 1024K, 4 young (4096K), 3 survivors (3072K)
 Metaspace       used 23872K, committed 24320K, reserved 1114112K
  class space    used 3412K, committed 3648K, reserved 1048576K
}
Event: 5.339 GC heap after
{Heap after GC invocations=8 (full 0):
 garbage-first heap   total 55296K, used 16757K [0x00000000c1600000, 0x0000000100000000)
  region size 1024K, 1 young (1024K), 1 survivors (1024K)
 Metaspace       used 23872K, committed 24320K, reserved 1114112K
  class space    used 3412K, committed 3648K, reserved 1048576K
}
Event: 6.484 GC heap before
{Heap before GC invocations=8 (full 0):
 garbage-first heap   total 55296K, used 39285K [0x00000000c1600000, 0x0000000100000000)
  region size 1024K, 23 young (23552K), 1 survivors (1024K)
 Metaspace       used 27943K, committed 28416K, reserved 1114112K
  class space    used 4052K, committed 4288K, reserved 1048576K
}
Event: 6.494 GC heap after
{Heap after GC invocations=9 (full 0):
 garbage-first heap   total 55296K, used 18701K [0x00000000c1600000, 0x0000000100000000)
  region size 1024K, 3 young (3072K), 3 survivors (3072K)
 Metaspace       used 27943K, committed 28416K, reserved 1114112K
  class space    used 4052K, committed 4288K, reserved 1048576K
}
Event: 7.928 GC heap before
{Heap before GC invocations=9 (full 0):
 garbage-first heap   total 55296K, used 40205K [0x00000000c1600000, 0x0000000100000000)
  region size 1024K, 24 young (24576K), 3 survivors (3072K)
 Metaspace       used 31515K, committed 32000K, reserved 1114112K
  class space    used 4449K, committed 4672K, reserved 1048576K
}
Event: 7.939 GC heap after
{Heap after GC invocations=10 (full 0):
 garbage-first heap   total 55296K, used 20339K [0x00000000c1600000, 0x0000000100000000)
  region size 1024K, 2 young (2048K), 2 survivors (2048K)
 Metaspace       used 31515K, committed 32000K, reserved 1114112K
  class space    used 4449K, committed 4672K, reserved 1048576K
}
Event: 9.584 GC heap before
{Heap before GC invocations=10 (full 0):
 garbage-first heap   total 55296K, used 37747K [0x00000000c1600000, 0x0000000100000000)
  region size 1024K, 20 young (20480K), 2 survivors (2048K)
 Metaspace       used 35641K, committed 36160K, reserved 1114112K
  class space    used 5157K, committed 5376K, reserved 1048576K
}
Event: 9.593 GC heap after
{Heap after GC invocations=11 (full 0):
 garbage-first heap   total 55296K, used 21331K [0x00000000c1600000, 0x0000000100000000)
  region size 1024K, 3 young (3072K), 3 survivors (3072K)
 Metaspace       used 35641K, committed 36160K, reserved 1114112K
  class space    used 5157K, committed 5376K, reserved 1048576K
}
Event: 11.054 GC heap before
{Heap before GC invocations=12 (full 0):
 garbage-first heap   total 55296K, used 41811K [0x00000000c1600000, 0x0000000100000000)
  region size 1024K, 23 young (23552K), 3 survivors (3072K)
 Metaspace       used 38902K, committed 39424K, reserved 1114112K
  class space    used 5821K, committed 6080K, reserved 1048576K
}
Event: 11.063 GC heap after
{Heap after GC invocations=13 (full 0):
 garbage-first heap   total 55296K, used 22660K [0x00000000c1600000, 0x0000000100000000)
  region size 1024K, 3 young (3072K), 3 survivors (3072K)
 Metaspace       used 38902K, committed 39424K, reserved 1114112K
  class space    used 5821K, committed 6080K, reserved 1048576K
}
Event: 14.699 GC heap before
{Heap before GC invocations=13 (full 0):
 garbage-first heap   total 55296K, used 41092K [0x00000000c1600000, 0x0000000100000000)
  region size 1024K, 22 young (22528K), 3 survivors (3072K)
 Metaspace       used 47543K, committed 48064K, reserved 1114112K
  class space    used 6891K, committed 7168K, reserved 1048576K
}
Event: 14.706 GC heap after
{Heap after GC invocations=14 (full 0):
 garbage-first heap   total 55296K, used 24425K [0x00000000c1600000, 0x0000000100000000)
  region size 1024K, 3 young (3072K), 3 survivors (3072K)
 Metaspace       used 47543K, committed 48064K, reserved 1114112K
  class space    used 6891K, committed 7168K, reserved 1048576K
}
Event: 15.970 GC heap before
{Heap before GC invocations=14 (full 0):
 garbage-first heap   total 55296K, used 42857K [0x00000000c1600000, 0x0000000100000000)
  region size 1024K, 22 young (22528K), 3 survivors (3072K)
 Metaspace       used 52287K, committed 52800K, reserved 1114112K
  class space    used 7486K, committed 7744K, reserved 1048576K
}
Event: 15.983 GC heap after
{Heap after GC invocations=15 (full 0):
 garbage-first heap   total 55296K, used 25273K [0x00000000c1600000, 0x0000000100000000)
  region size 1024K, 1 young (1024K), 1 survivors (1024K)
 Metaspace       used 52287K, committed 52800K, reserved 1114112K
  class space    used 7486K, committed 7744K, reserved 1048576K
}
Event: 17.525 GC heap before
{Heap before GC invocations=15 (full 0):
 garbage-first heap   total 55296K, used 42681K [0x00000000c1600000, 0x0000000100000000)
  region size 1024K, 19 young (19456K), 1 survivors (1024K)
 Metaspace       used 57583K, committed 58112K, reserved 1114112K
  class space    used 8298K, committed 8576K, reserved 1048576K
}

